2023-02-14 18:54:58,107 - root - INFO - Messages updated
2023-02-14 18:54:59,608 - root - INFO - Messages updated
2023-02-14 18:55:01,109 - root - INFO - Messages updated
2023-02-14 18:55:02,610 - root - INFO - Messages updated
2023-02-14 18:55:04,110 - root - INFO - Messages updated
2023-02-14 18:55:05,611 - root - INFO - Messages updated
2023-02-14 20:43:50,672 - root - INFO - Messages updated
2023-02-14 20:43:52,174 - root - INFO - Messages updated
2023-02-14 20:43:53,675 - root - INFO - Messages updated
2023-02-14 20:44:46,221 - root - INFO - Messages updated
2023-02-14 20:44:47,722 - root - INFO - Messages updated
2023-02-14 20:44:49,222 - root - INFO - Messages updated
2023-02-14 20:44:50,723 - root - INFO - Messages updated
2023-02-14 20:44:52,225 - root - INFO - Messages updated
2023-02-14 20:44:53,725 - root - INFO - Messages updated
2023-02-14 20:44:55,227 - root - INFO - Messages updated
2023-02-14 20:44:56,727 - root - INFO - Messages updated
2023-02-14 20:44:58,228 - root - INFO - Messages updated
2023-02-14 20:44:59,729 - root - INFO - Messages updated
2023-02-14 20:45:01,231 - root - INFO - Messages updated
2023-02-14 20:45:02,732 - root - INFO - Messages updated
2023-02-14 20:45:04,234 - root - INFO - Messages updated
2023-02-14 20:45:05,735 - root - INFO - Messages updated
2023-02-14 20:45:07,236 - root - INFO - Messages updated
2023-02-14 20:45:08,736 - root - INFO - Messages updated
2023-02-14 20:45:10,237 - root - INFO - Messages updated
2023-02-14 20:45:11,738 - root - INFO - Messages updated
2023-02-14 20:49:31,207 - root - INFO - Messages updated
2023-02-14 20:49:32,707 - root - INFO - Messages updated
2023-02-14 20:49:34,208 - root - INFO - Messages updated
2023-02-14 20:49:35,710 - root - INFO - Messages updated
2023-02-14 20:51:54,149 - root - INFO - Messages updated
2023-02-14 20:51:55,650 - root - INFO - Messages updated
2023-02-14 20:51:57,151 - root - INFO - Messages updated
2023-02-14 20:51:58,652 - root - INFO - Messages updated
2023-02-14 20:52:00,154 - root - INFO - Messages updated
2023-02-14 20:52:01,655 - root - INFO - Messages updated
2023-02-14 20:52:03,156 - root - INFO - Messages updated
2023-02-14 20:52:04,657 - root - INFO - Messages updated
2023-02-14 20:53:40,502 - root - INFO - Messages updated
2023-02-14 20:53:42,003 - root - INFO - Messages updated
2023-02-14 20:53:43,504 - root - INFO - Messages updated
2023-02-14 21:02:31,838 - root - INFO - Messages updated
2023-02-14 21:02:33,339 - root - INFO - Messages updated
2023-02-14 21:02:34,840 - root - INFO - Messages updated
2023-02-14 21:02:36,342 - root - INFO - Messages updated
2023-02-14 21:02:37,842 - root - INFO - Messages updated
2023-02-14 21:02:39,343 - root - INFO - Messages updated
2023-02-14 21:02:40,844 - root - INFO - Messages updated
2023-02-14 21:04:13,632 - root - INFO - Messages updated
2023-02-14 21:04:15,133 - root - INFO - Messages updated
2023-02-14 21:04:16,634 - root - INFO - Messages updated
2023-02-14 21:04:18,135 - root - INFO - Messages updated
2023-02-14 21:04:19,636 - root - INFO - Messages updated
2023-02-14 21:04:21,137 - root - INFO - Messages updated
2023-02-14 21:04:22,639 - root - INFO - Messages updated
2023-02-14 21:04:24,139 - root - INFO - Messages updated
2023-02-14 21:04:25,641 - root - INFO - Messages updated
2023-02-14 21:04:27,143 - root - INFO - Messages updated
2023-02-14 21:04:28,644 - root - INFO - Messages updated
2023-02-14 21:04:30,144 - root - INFO - Messages updated
2023-02-14 21:04:31,645 - root - INFO - Messages updated
2023-02-14 21:09:04,015 - root - INFO - Messages updated
2023-02-14 21:09:05,515 - root - INFO - Messages updated
2023-02-14 21:09:07,016 - root - INFO - Messages updated
2023-02-14 21:09:08,518 - root - INFO - Messages updated
2023-02-14 21:09:10,019 - root - INFO - Messages updated
2023-02-14 21:09:11,520 - root - INFO - Messages updated
2023-02-14 21:09:13,022 - root - INFO - Messages updated
2023-02-14 21:09:14,523 - root - INFO - Messages updated
2023-02-14 21:09:16,024 - root - INFO - Messages updated
2023-02-14 21:09:17,525 - root - INFO - Messages updated
2023-02-14 21:09:19,027 - root - INFO - Messages updated
2023-02-14 21:09:20,528 - root - INFO - Messages updated
2023-02-14 21:09:22,029 - root - INFO - Messages updated
2023-02-14 21:09:23,531 - root - INFO - Messages updated
2023-02-14 21:09:25,033 - root - INFO - Messages updated
2023-02-14 21:09:26,534 - root - INFO - Messages updated
2023-02-14 21:09:28,034 - root - INFO - Messages updated
2023-02-14 22:25:58,538 - root - INFO - Messages updated
2023-02-14 22:26:00,039 - root - INFO - Messages updated
2023-02-14 22:26:01,540 - root - INFO - Messages updated
2023-02-14 22:26:03,040 - root - INFO - Messages updated
2023-02-14 22:26:04,541 - root - INFO - Messages updated
2023-02-14 22:26:06,043 - root - INFO - Messages updated
2023-02-14 22:26:07,545 - root - INFO - Messages updated
2023-02-14 22:26:09,046 - root - INFO - Messages updated
2023-02-14 22:26:10,547 - root - INFO - Messages updated
2023-02-14 22:26:12,048 - root - INFO - Messages updated
2023-02-14 22:26:46,539 - root - INFO - Messages updated
2023-02-14 22:26:48,040 - root - INFO - Messages updated
2023-02-14 22:26:49,541 - root - INFO - Messages updated
2023-02-14 22:26:51,042 - root - INFO - Messages updated
2023-02-14 22:26:52,544 - root - INFO - Messages updated
2023-02-14 22:26:54,045 - root - INFO - Messages updated
2023-02-14 22:26:55,547 - root - INFO - Messages updated
2023-02-14 22:26:57,048 - root - INFO - Messages updated
2023-02-14 22:26:58,550 - root - INFO - Messages updated
2023-02-14 22:27:00,051 - root - INFO - Messages updated
2023-02-14 22:27:01,552 - root - INFO - Messages updated
2023-02-14 22:27:03,054 - root - INFO - Messages updated
2023-02-14 22:27:04,554 - root - INFO - Messages updated
2023-02-14 22:27:06,056 - root - INFO - Messages updated
2023-02-14 22:27:07,557 - root - INFO - Messages updated
2023-02-14 22:27:09,059 - root - INFO - Messages updated
2023-02-14 22:27:10,560 - root - INFO - Messages updated
2023-02-14 22:27:12,061 - root - INFO - Messages updated
2023-02-14 22:27:13,562 - root - INFO - Messages updated
2023-02-14 22:27:15,064 - root - INFO - Messages updated
2023-02-14 22:27:16,565 - root - INFO - Messages updated
2023-02-14 22:27:18,067 - root - INFO - Messages updated
2023-02-14 22:27:19,569 - root - INFO - Messages updated
2023-02-14 22:27:21,070 - root - INFO - Messages updated
2023-02-14 22:27:53,495 - root - INFO - Messages updated
2023-02-14 22:27:54,996 - root - INFO - Messages updated
2023-02-14 22:27:56,497 - root - INFO - Messages updated
2023-02-14 22:27:57,999 - root - INFO - Messages updated
2023-02-14 22:27:58,906 - root - INFO - Value entered:contract
2023-02-14 22:27:59,500 - root - INFO - Messages updated
2023-02-14 22:28:01,001 - root - INFO - Messages updated
2023-02-14 22:28:02,502 - root - INFO - Messages updated
2023-02-14 22:28:04,004 - root - INFO - Messages updated
2023-02-14 22:28:05,505 - root - INFO - Messages updated
2023-02-14 22:28:07,006 - root - INFO - Messages updated
2023-02-14 22:31:26,422 - root - INFO - Messages updated
2023-02-14 22:31:27,922 - root - INFO - Messages updated
2023-02-14 22:31:29,423 - root - INFO - Messages updated
2023-02-14 22:31:30,924 - root - INFO - Messages updated
2023-02-14 22:31:32,426 - root - INFO - Messages updated
2023-02-14 22:31:33,927 - root - INFO - Messages updated
2023-02-14 22:31:35,429 - root - INFO - Messages updated
2023-02-14 22:31:36,930 - root - INFO - Messages updated
2023-02-14 22:31:38,431 - root - INFO - Messages updated
2023-02-14 22:31:39,932 - root - INFO - Messages updated
2023-02-14 22:31:41,434 - root - INFO - Messages updated
2023-02-14 22:31:42,935 - root - INFO - Messages updated
2023-02-14 22:31:44,437 - root - INFO - Messages updated
2023-02-14 22:31:45,939 - root - INFO - Messages updated
2023-02-14 22:31:47,440 - root - INFO - Messages updated
2023-02-14 22:31:48,941 - root - INFO - Messages updated
2023-02-14 22:31:50,443 - root - INFO - Messages updated
2023-02-14 22:31:51,945 - root - INFO - Messages updated
2023-02-14 22:31:53,446 - root - INFO - Messages updated
2023-02-14 22:31:54,948 - root - INFO - Messages updated
2023-02-14 22:31:56,448 - root - INFO - Messages updated
2023-02-14 22:31:57,950 - root - INFO - Messages updated
2023-02-14 22:31:59,451 - root - INFO - Messages updated
2023-02-14 22:32:00,953 - root - INFO - Messages updated
2023-02-14 22:32:02,454 - root - INFO - Messages updated
2023-02-14 22:32:03,955 - root - INFO - Messages updated
2023-02-14 22:32:05,456 - root - INFO - Messages updated
2023-02-14 22:32:06,958 - root - INFO - Messages updated
2023-02-14 22:32:08,460 - root - INFO - Messages updated
2023-02-14 22:32:09,962 - root - INFO - Messages updated
2023-02-14 22:32:11,463 - root - INFO - Messages updated
2023-02-14 22:32:12,964 - root - INFO - Messages updated
2023-02-14 22:32:14,465 - root - INFO - Messages updated
2023-02-14 22:32:15,966 - root - INFO - Messages updated
2023-02-14 22:32:17,468 - root - INFO - Messages updated
2023-02-14 22:32:18,968 - root - INFO - Messages updated
2023-02-14 22:32:20,470 - root - INFO - Messages updated
2023-02-14 22:32:21,972 - root - INFO - Messages updated
2023-02-14 22:32:23,473 - root - INFO - Messages updated
2023-02-14 22:32:24,974 - root - INFO - Messages updated
2023-02-14 22:32:26,476 - root - INFO - Messages updated
2023-02-14 22:32:27,977 - root - INFO - Messages updated
2023-02-14 22:32:29,479 - root - INFO - Messages updated
2023-02-14 22:32:30,981 - root - INFO - Messages updated
2023-02-14 22:32:32,482 - root - INFO - Messages updated
2023-02-14 22:32:33,983 - root - INFO - Messages updated
2023-02-14 22:32:35,484 - root - INFO - Messages updated
2023-02-14 22:32:36,985 - root - INFO - Messages updated
2023-02-14 22:32:38,487 - root - INFO - Messages updated
2023-02-14 22:32:39,988 - root - INFO - Messages updated
2023-02-14 22:32:41,489 - root - INFO - Messages updated
2023-02-14 22:32:42,991 - root - INFO - Messages updated
2023-02-14 22:32:44,492 - root - INFO - Messages updated
2023-02-14 22:32:45,993 - root - INFO - Messages updated
2023-02-14 22:32:47,494 - root - INFO - Messages updated
2023-02-14 22:32:48,995 - root - INFO - Messages updated
2023-02-14 22:32:50,497 - root - INFO - Messages updated
2023-02-14 22:32:51,998 - root - INFO - Messages updated
2023-02-14 22:32:53,498 - root - INFO - Messages updated
2023-02-14 22:32:55,000 - root - INFO - Messages updated
2023-02-14 22:32:56,502 - root - INFO - Messages updated
2023-02-14 22:32:58,002 - root - INFO - Messages updated
2023-02-14 22:32:59,504 - root - INFO - Messages updated
2023-02-14 22:33:01,006 - root - INFO - Messages updated
2023-02-14 22:33:02,507 - root - INFO - Messages updated
2023-02-14 22:33:04,008 - root - INFO - Messages updated
2023-02-14 22:33:05,509 - root - INFO - Messages updated
2023-02-14 22:33:07,011 - root - INFO - Messages updated
2023-02-14 22:33:08,513 - root - INFO - Messages updated
2023-02-14 22:33:10,014 - root - INFO - Messages updated
2023-02-14 22:33:11,516 - root - INFO - Messages updated
2023-02-14 22:33:13,017 - root - INFO - Messages updated
2023-02-14 22:33:14,519 - root - INFO - Messages updated
2023-02-14 22:33:16,020 - root - INFO - Messages updated
2023-02-14 22:33:17,522 - root - INFO - Messages updated
2023-02-14 22:33:19,023 - root - INFO - Messages updated
2023-02-14 22:33:20,524 - root - INFO - Messages updated
2023-02-14 22:33:22,025 - root - INFO - Messages updated
2023-02-14 22:33:23,527 - root - INFO - Messages updated
2023-02-14 22:33:25,029 - root - INFO - Messages updated
2023-02-14 22:33:26,530 - root - INFO - Messages updated
2023-02-14 22:33:28,032 - root - INFO - Messages updated
2023-02-14 22:33:29,533 - root - INFO - Messages updated
2023-02-14 22:33:31,034 - root - INFO - Messages updated
2023-02-14 22:33:32,534 - root - INFO - Messages updated
2023-02-14 22:33:34,036 - root - INFO - Messages updated
2023-02-14 22:33:35,536 - root - INFO - Messages updated
2023-02-14 22:33:37,038 - root - INFO - Messages updated
2023-02-14 22:33:38,540 - root - INFO - Messages updated
2023-02-14 22:33:40,041 - root - INFO - Messages updated
2023-02-14 22:33:41,543 - root - INFO - Messages updated
2023-02-14 22:33:43,045 - root - INFO - Messages updated
2023-02-14 22:33:44,545 - root - INFO - Messages updated
2023-02-14 22:33:46,047 - root - INFO - Messages updated
2023-02-14 22:33:47,548 - root - INFO - Messages updated
2023-02-14 22:33:49,050 - root - INFO - Messages updated
2023-02-14 22:33:50,550 - root - INFO - Messages updated
2023-02-14 22:33:52,052 - root - INFO - Messages updated
2023-02-14 22:33:53,552 - root - INFO - Messages updated
2023-02-14 22:40:42,847 - root - INFO - Messages updated
2023-02-14 22:40:44,348 - root - INFO - Messages updated
2023-02-14 22:40:45,849 - root - INFO - Messages updated
2023-02-14 22:40:47,351 - root - INFO - Messages updated
2023-02-14 22:40:48,853 - root - INFO - Messages updated
2023-02-14 22:40:50,354 - root - INFO - Messages updated
2023-02-14 22:40:51,855 - root - INFO - Messages updated
2023-02-14 22:40:53,356 - root - INFO - Messages updated
2023-02-14 22:40:54,857 - root - INFO - Messages updated
2023-02-14 22:40:56,359 - root - INFO - Messages updated
2023-02-14 22:40:57,860 - root - INFO - Messages updated
2023-02-14 22:40:58,140 - root - WARNING - Nothing entered
2023-02-14 22:40:59,360 - root - INFO - Messages updated
2023-02-14 22:41:00,862 - root - INFO - Messages updated
2023-02-14 22:41:02,363 - root - INFO - Messages updated
2023-02-14 22:41:03,863 - root - INFO - Messages updated
2023-02-14 22:41:05,364 - root - INFO - Messages updated
2023-02-14 22:41:06,865 - root - INFO - Messages updated
2023-02-14 22:41:08,366 - root - INFO - Messages updated
2023-02-14 22:41:09,867 - root - INFO - Messages updated
2023-02-14 22:41:11,368 - root - INFO - Messages updated
2023-02-14 22:41:12,868 - root - INFO - Messages updated
2023-02-14 22:41:14,370 - root - INFO - Messages updated
2023-02-14 22:41:15,871 - root - INFO - Messages updated
2023-02-14 22:41:17,372 - root - INFO - Messages updated
2023-02-14 22:41:18,873 - root - INFO - Messages updated
2023-02-14 22:41:20,374 - root - INFO - Messages updated
2023-02-14 22:41:21,876 - root - INFO - Messages updated
2023-02-14 22:41:23,378 - root - INFO - Messages updated
2023-02-14 22:41:24,879 - root - INFO - Messages updated
2023-02-14 22:41:26,380 - root - INFO - Messages updated
2023-02-14 22:41:27,882 - root - INFO - Messages updated
2023-02-14 22:41:29,383 - root - INFO - Messages updated
2023-02-14 22:41:30,884 - root - INFO - Messages updated
2023-02-14 22:41:32,385 - root - INFO - Messages updated
2023-02-14 22:41:33,886 - root - INFO - Messages updated
2023-02-14 22:41:35,387 - root - INFO - Messages updated
2023-02-14 22:41:36,887 - root - INFO - Messages updated
2023-02-14 22:41:38,388 - root - INFO - Messages updated
2023-02-14 22:41:39,889 - root - INFO - Messages updated
2023-02-14 22:41:41,390 - root - INFO - Messages updated
2023-02-14 22:41:42,891 - root - INFO - Messages updated
2023-02-14 22:41:44,391 - root - INFO - Messages updated
2023-02-14 22:41:45,892 - root - INFO - Messages updated
2023-02-14 22:41:47,393 - root - INFO - Messages updated
2023-02-14 22:41:48,894 - root - INFO - Messages updated
2023-02-14 22:41:50,396 - root - INFO - Messages updated
2023-02-14 22:41:51,897 - root - INFO - Messages updated
2023-02-14 22:41:53,398 - root - INFO - Messages updated
2023-02-14 22:41:54,899 - root - INFO - Messages updated
2023-02-14 22:41:56,401 - root - INFO - Messages updated
2023-02-14 22:41:58,714 - root - INFO - Messages updated
2023-02-14 22:42:00,215 - root - INFO - Messages updated
2023-02-14 22:42:01,716 - root - INFO - Messages updated
2023-02-14 22:42:03,217 - root - INFO - Messages updated
2023-02-14 22:42:04,718 - root - INFO - Messages updated
2023-02-14 22:42:06,219 - root - INFO - Messages updated
2023-02-14 22:42:07,721 - root - INFO - Messages updated
2023-02-14 22:42:09,223 - root - INFO - Messages updated
2023-02-14 22:42:10,724 - root - INFO - Messages updated
2023-02-14 22:42:12,225 - root - INFO - Messages updated
2023-02-14 22:53:11,635 - root - INFO - Messages updated
2023-02-14 22:53:13,136 - root - INFO - Messages updated
2023-02-14 22:53:14,637 - root - INFO - Messages updated
2023-02-14 22:53:16,138 - root - INFO - Messages updated
2023-02-14 22:53:17,639 - root - INFO - Messages updated
2023-02-14 22:53:19,140 - root - INFO - Messages updated
2023-02-14 22:53:20,640 - root - INFO - Messages updated
2023-02-14 22:53:22,142 - root - INFO - Messages updated
2023-02-14 22:53:23,644 - root - INFO - Messages updated
2023-02-14 22:53:25,145 - root - INFO - Messages updated
2023-02-14 22:53:26,647 - root - INFO - Messages updated
2023-02-14 22:53:28,149 - root - INFO - Messages updated
2023-02-14 22:53:29,650 - root - INFO - Messages updated
2023-02-14 22:54:16,289 - root - INFO - Messages updated
2023-02-14 22:54:17,790 - root - INFO - Messages updated
2023-02-14 22:54:19,292 - root - INFO - Messages updated
2023-02-14 22:54:20,793 - root - INFO - Messages updated
2023-02-14 22:54:22,293 - root - INFO - Messages updated
2023-02-14 22:54:23,794 - root - INFO - Messages updated
2023-02-14 22:54:25,294 - root - INFO - Messages updated
2023-02-14 22:54:26,796 - root - INFO - Messages updated
2023-02-14 22:54:28,296 - root - INFO - Messages updated
2023-02-14 22:54:29,798 - root - INFO - Messages updated
2023-02-14 22:54:31,299 - root - INFO - Messages updated
2023-02-14 22:54:32,800 - root - INFO - Messages updated
2023-02-14 22:54:34,302 - root - INFO - Messages updated
2023-02-14 22:54:35,803 - root - INFO - Messages updated
2023-02-14 22:54:37,304 - root - INFO - Messages updated
2023-02-14 22:54:38,805 - root - INFO - Messages updated
2023-02-14 22:54:40,307 - root - INFO - Messages updated
2023-02-14 22:54:41,807 - root - INFO - Messages updated
2023-02-14 22:54:43,308 - root - INFO - Messages updated
2023-02-14 22:54:44,809 - root - INFO - Messages updated
2023-02-14 22:54:46,312 - root - INFO - Messages updated
2023-02-14 22:54:47,814 - root - INFO - Messages updated
2023-02-14 22:54:49,315 - root - INFO - Messages updated
2023-02-14 22:54:50,817 - root - INFO - Messages updated
2023-02-14 22:54:52,318 - root - INFO - Messages updated
2023-02-14 22:54:53,819 - root - INFO - Messages updated
2023-02-14 22:54:55,321 - root - INFO - Messages updated
2023-02-14 22:54:56,821 - root - INFO - Messages updated
2023-02-14 22:54:58,322 - root - INFO - Messages updated
2023-02-14 22:54:59,823 - root - INFO - Messages updated
2023-02-14 22:55:01,323 - root - INFO - Messages updated
2023-02-14 22:55:02,824 - root - INFO - Messages updated
2023-02-14 22:55:04,325 - root - INFO - Messages updated
2023-02-14 22:55:05,826 - root - INFO - Messages updated
2023-02-14 22:55:07,748 - root - INFO - Messages updated
2023-02-14 22:55:09,250 - root - INFO - Messages updated
2023-02-14 22:55:10,751 - root - INFO - Messages updated
2023-02-14 22:55:12,253 - root - INFO - Messages updated
2023-02-14 22:55:13,755 - root - INFO - Messages updated
2023-02-14 22:55:15,256 - root - INFO - Messages updated
2023-02-14 22:55:16,758 - root - INFO - Messages updated
2023-02-14 22:55:18,259 - root - INFO - Messages updated
2023-02-14 22:55:19,760 - root - INFO - Messages updated
2023-02-14 22:55:21,262 - root - INFO - Messages updated
2023-02-14 22:55:22,763 - root - INFO - Messages updated
2023-02-14 22:55:24,265 - root - INFO - Messages updated
2023-02-14 22:55:25,767 - root - INFO - Messages updated
2023-02-14 22:55:27,267 - root - INFO - Messages updated
2023-02-14 22:55:28,768 - root - INFO - Messages updated
2023-02-14 22:55:30,270 - root - INFO - Messages updated
2023-02-14 22:55:31,772 - root - INFO - Messages updated
2023-02-14 22:55:31,822 - root - WARNING - Nothing entered
2023-02-14 22:55:33,272 - root - INFO - Messages updated
2023-02-14 22:55:34,773 - root - INFO - Messages updated
2023-02-14 22:55:36,274 - root - INFO - Messages updated
2023-02-14 22:55:37,776 - root - INFO - Messages updated
2023-02-14 22:55:39,276 - root - INFO - Messages updated
2023-02-14 22:55:40,778 - root - INFO - Messages updated
2023-02-14 22:55:42,280 - root - INFO - Messages updated
2023-02-14 22:55:43,781 - root - INFO - Messages updated
2023-02-14 22:55:45,282 - root - INFO - Messages updated
2023-02-14 22:55:46,783 - root - INFO - Messages updated
2023-02-14 22:55:48,284 - root - INFO - Messages updated
2023-02-14 22:55:49,786 - root - INFO - Messages updated
2023-02-14 22:55:51,286 - root - INFO - Messages updated
2023-02-14 22:55:52,787 - root - INFO - Messages updated
2023-02-14 22:55:54,289 - root - INFO - Messages updated
2023-02-14 22:55:55,791 - root - INFO - Messages updated
2023-02-14 22:55:57,292 - root - INFO - Messages updated
2023-02-14 22:55:58,793 - root - INFO - Messages updated
2023-02-14 22:56:00,294 - root - INFO - Messages updated
2023-02-14 22:56:01,795 - root - INFO - Messages updated
2023-02-14 22:56:03,296 - root - INFO - Messages updated
2023-02-14 22:56:04,797 - root - INFO - Messages updated
2023-02-14 22:56:06,298 - root - INFO - Messages updated
2023-02-14 22:56:07,800 - root - INFO - Messages updated
2023-02-14 22:56:09,301 - root - INFO - Messages updated
2023-02-14 22:56:10,801 - root - INFO - Messages updated
2023-02-14 22:56:12,302 - root - INFO - Messages updated
2023-02-14 22:56:13,802 - root - INFO - Messages updated
2023-02-14 22:56:15,303 - root - INFO - Messages updated
2023-02-14 22:56:16,804 - root - INFO - Messages updated
2023-02-14 22:56:18,305 - root - INFO - Messages updated
2023-02-14 22:56:19,805 - root - INFO - Messages updated
2023-02-14 22:56:21,306 - root - INFO - Messages updated
2023-02-14 22:56:22,806 - root - INFO - Messages updated
2023-02-14 22:56:24,307 - root - INFO - Messages updated
2023-02-14 22:56:25,808 - root - INFO - Messages updated
2023-02-14 22:56:27,309 - root - INFO - Messages updated
2023-02-14 22:56:28,810 - root - INFO - Messages updated
2023-02-14 22:56:30,310 - root - INFO - Messages updated
2023-02-14 22:56:31,811 - root - INFO - Messages updated
2023-02-14 22:56:33,311 - root - INFO - Messages updated
2023-02-14 22:56:34,812 - root - INFO - Messages updated
2023-02-14 22:56:36,313 - root - INFO - Messages updated
2023-02-14 22:56:37,814 - root - INFO - Messages updated
2023-02-14 22:56:39,314 - root - INFO - Messages updated
2023-02-14 22:56:40,815 - root - INFO - Messages updated
2023-02-14 22:56:42,316 - root - INFO - Messages updated
2023-02-14 22:56:43,817 - root - INFO - Messages updated
2023-02-14 22:56:45,319 - root - INFO - Messages updated
2023-02-14 22:56:46,820 - root - INFO - Messages updated
2023-02-14 22:56:48,320 - root - INFO - Messages updated
2023-02-14 22:56:49,822 - root - INFO - Messages updated
2023-02-14 22:56:51,323 - root - INFO - Messages updated
2023-02-14 22:56:52,825 - root - INFO - Messages updated
2023-02-14 22:56:54,326 - root - INFO - Messages updated
2023-02-14 22:56:55,827 - root - INFO - Messages updated
2023-02-14 22:56:57,328 - root - INFO - Messages updated
2023-02-14 22:56:58,829 - root - INFO - Messages updated
2023-02-14 22:57:00,330 - root - INFO - Messages updated
2023-02-14 22:57:01,831 - root - INFO - Messages updated
2023-02-14 22:57:03,332 - root - INFO - Messages updated
2023-02-14 22:57:04,832 - root - INFO - Messages updated
2023-02-14 22:57:06,333 - root - INFO - Messages updated
2023-02-14 22:57:07,833 - root - INFO - Messages updated
2023-02-14 22:57:09,334 - root - INFO - Messages updated
2023-02-14 22:57:10,835 - root - INFO - Messages updated
2023-02-14 22:57:12,336 - root - INFO - Messages updated
2023-02-14 22:57:13,838 - root - INFO - Messages updated
2023-02-14 22:57:15,339 - root - INFO - Messages updated
2023-02-14 22:57:16,840 - root - INFO - Messages updated
2023-02-14 22:57:18,341 - root - INFO - Messages updated
2023-02-14 22:57:19,842 - root - INFO - Messages updated
2023-02-14 23:07:34,470 - root - INFO - Messages updated
2023-02-14 23:07:35,971 - root - INFO - Messages updated
2023-02-14 23:07:37,472 - root - INFO - Messages updated
2023-02-14 23:07:38,973 - root - INFO - Messages updated
2023-02-14 23:07:40,474 - root - INFO - Messages updated
2023-02-14 23:07:41,975 - root - INFO - Messages updated
2023-02-14 23:07:43,477 - root - INFO - Messages updated
2023-02-14 23:07:44,978 - root - INFO - Messages updated
2023-02-14 23:07:46,479 - root - INFO - Messages updated
2023-02-14 23:07:47,980 - root - INFO - Messages updated
2023-02-14 23:07:49,482 - root - INFO - Messages updated
2023-02-14 23:07:50,982 - root - INFO - Messages updated
2023-02-14 23:07:52,483 - root - INFO - Messages updated
2023-02-14 23:07:53,983 - root - INFO - Messages updated
2023-02-14 23:07:55,484 - root - INFO - Messages updated
2023-02-14 23:07:56,986 - root - INFO - Messages updated
2023-02-14 23:07:58,486 - root - INFO - Messages updated
2023-02-14 23:07:59,987 - root - INFO - Messages updated
2023-02-14 23:08:01,488 - root - INFO - Messages updated
2023-02-14 23:08:02,991 - root - INFO - Messages updated
2023-02-14 23:08:04,491 - root - INFO - Messages updated
2023-02-14 23:08:05,992 - root - INFO - Messages updated
2023-02-14 23:08:07,494 - root - INFO - Messages updated
2023-02-14 23:08:08,620 - root - INFO - Grid created
2023-02-14 23:08:08,996 - root - INFO - Messages updated
2023-02-14 23:08:10,498 - root - INFO - Messages updated
2023-02-14 23:08:11,998 - root - INFO - Messages updated
2023-02-14 23:08:13,500 - root - INFO - Messages updated
2023-02-14 23:08:15,002 - root - INFO - Messages updated
2023-02-14 23:08:16,503 - root - INFO - Messages updated
2023-02-14 23:08:18,004 - root - INFO - Messages updated
2023-02-14 23:08:19,505 - root - INFO - Messages updated
2023-02-14 23:08:21,006 - root - INFO - Messages updated
2023-02-14 23:08:22,507 - root - INFO - Messages updated
2023-02-14 23:08:24,008 - root - INFO - Messages updated
2023-02-15 07:13:07,645 - root - INFO - Messages updated
2023-02-15 07:13:09,146 - root - INFO - Messages updated
2023-02-15 07:13:10,646 - root - INFO - Messages updated
2023-02-15 07:13:12,147 - root - INFO - Messages updated
2023-02-15 07:17:50,772 - root - INFO - Messages updated
2023-02-15 07:17:52,274 - root - INFO - Messages updated
2023-02-15 07:17:53,774 - root - INFO - Messages updated
2023-02-15 07:17:55,276 - root - INFO - Messages updated
2023-02-15 07:17:56,778 - root - INFO - Messages updated
2023-02-15 07:17:58,279 - root - INFO - Messages updated
2023-02-15 07:17:59,780 - root - INFO - Messages updated
2023-02-15 07:18:01,281 - root - INFO - Messages updated
2023-02-15 07:18:02,782 - root - INFO - Messages updated
2023-02-15 07:18:04,284 - root - INFO - Messages updated
2023-02-15 07:18:05,786 - root - INFO - Messages updated
2023-02-15 07:18:07,288 - root - INFO - Messages updated
2023-02-15 07:18:08,789 - root - INFO - Messages updated
2023-02-15 07:18:10,290 - root - INFO - Messages updated
2023-02-15 07:18:11,791 - root - INFO - Messages updated
2023-02-15 07:18:13,291 - root - INFO - Messages updated
2023-02-15 07:18:14,793 - root - INFO - Messages updated
2023-02-15 07:18:16,294 - root - INFO - Messages updated
2023-02-15 07:18:17,794 - root - INFO - Messages updated
2023-02-15 07:18:19,295 - root - INFO - Messages updated
2023-02-15 07:18:20,796 - root - INFO - Messages updated
2023-02-15 07:18:22,296 - root - INFO - Messages updated
2023-02-15 07:18:23,797 - root - INFO - Messages updated
2023-02-15 07:18:25,299 - root - INFO - Messages updated
2023-02-15 07:18:25,339 - root - INFO - Grid created
2023-02-15 07:18:25,339 - root - INFO - contractETHUSDT
2023-02-15 07:18:25,339 - root - INFO - lower_price1000
2023-02-15 07:18:25,339 - root - INFO - upper_price2000
2023-02-15 07:18:25,339 - root - INFO - grids10
2023-02-15 07:18:25,339 - root - INFO - initial_margin1000
2023-02-15 07:18:26,800 - root - INFO - Messages updated
2023-02-15 07:18:28,301 - root - INFO - Messages updated
2023-02-15 07:18:29,802 - root - INFO - Messages updated
2023-02-15 07:18:31,303 - root - INFO - Messages updated
2023-02-15 07:18:32,804 - root - INFO - Messages updated
2023-02-15 07:18:34,304 - root - INFO - Messages updated
2023-02-15 07:18:35,805 - root - INFO - Messages updated
2023-02-15 07:59:33,565 - root - INFO - Public key: f69b3b825ba620ea22f962ca8809ed29f5632986129ab95d02dde9af6a56b755
2023-02-15 07:59:33,935 - root - INFO - Messages updated
2023-02-15 07:59:35,438 - root - INFO - Messages updated
2023-02-15 07:59:36,940 - root - INFO - Messages updated
2023-02-15 07:59:38,441 - root - INFO - Messages updated
2023-02-15 07:59:39,942 - root - INFO - Messages updated
2023-02-15 07:59:41,444 - root - INFO - Messages updated
2023-02-15 07:59:42,945 - root - INFO - Messages updated
2023-02-15 07:59:44,446 - root - INFO - Messages updated
2023-02-15 07:59:45,948 - root - INFO - Messages updated
2023-02-15 07:59:47,449 - root - INFO - Messages updated
2023-02-15 07:59:48,949 - root - INFO - Messages updated
2023-02-15 08:28:34,018 - root - INFO - Messages updated
2023-02-15 08:28:35,520 - root - INFO - Messages updated
2023-02-15 08:28:37,021 - root - INFO - Messages updated
2023-02-15 08:28:38,521 - root - INFO - Messages updated
2023-02-15 08:28:40,022 - root - INFO - Messages updated
2023-02-15 08:28:41,523 - root - INFO - Messages updated
2023-02-15 08:31:25,476 - root - INFO - Messages updated
2023-02-15 08:31:26,978 - root - INFO - Messages updated
2023-02-15 08:31:28,480 - root - INFO - Messages updated
2023-02-15 08:31:29,982 - root - INFO - Messages updated
2023-02-15 08:31:31,482 - root - INFO - Messages updated
2023-02-15 08:31:32,983 - root - INFO - Messages updated
2023-02-15 08:31:34,484 - root - INFO - Messages updated
2023-02-15 08:31:34,871 - root - INFO - Grid created
2023-02-15 08:31:34,871 - root - INFO - contractETHUSDT
2023-02-15 08:31:35,985 - root - INFO - Messages updated
2023-02-15 08:31:37,487 - root - INFO - Messages updated
2023-02-15 08:31:38,987 - root - INFO - Messages updated
2023-02-15 08:31:40,488 - root - INFO - Messages updated
2023-02-15 08:32:49,731 - root - INFO - Messages updated
2023-02-15 08:32:50,929 - root - INFO - Grid created
2023-02-15 08:32:50,930 - root - INFO - contractETHUSDT
2023-02-15 08:32:50,930 - root - INFO - lower_price1000
2023-02-15 08:32:50,930 - root - INFO - upper_price2000
2023-02-15 08:32:50,930 - root - INFO - grids10
2023-02-15 08:32:50,930 - root - INFO - initial_margin1000
2023-02-15 08:32:51,232 - root - INFO - Messages updated
2023-02-15 08:32:52,733 - root - INFO - Messages updated
2023-02-15 08:32:54,235 - root - INFO - Messages updated
2023-02-15 08:32:55,736 - root - INFO - Messages updated
2023-02-15 08:33:28,912 - root - INFO - Messages updated
2023-02-15 08:33:30,414 - root - INFO - Messages updated
2023-02-15 08:33:31,915 - root - INFO - Messages updated
2023-02-15 08:33:33,419 - root - INFO - Messages updated
2023-02-15 08:33:34,920 - root - INFO - Messages updated
2023-02-15 08:33:36,421 - root - INFO - Messages updated
2023-02-15 08:33:37,923 - root - INFO - Messages updated
2023-02-15 08:36:00,948 - root - INFO - Messages updated
2023-02-15 08:36:02,449 - root - INFO - Messages updated
2023-02-15 08:36:03,100 - urllib3.connectionpool - DEBUG - Starting new HTTPS connection (1): testnet.binancefuture.com:443
2023-02-15 08:36:03,913 - urllib3.connectionpool - DEBUG - https://testnet.binancefuture.com:443 "GET /fapi/v1/exchangeInfo HTTP/1.1" 200 None
2023-02-15 08:36:03,951 - root - INFO - Messages updated
2023-02-15 08:36:05,452 - root - INFO - Messages updated
2023-02-15 08:36:06,952 - root - INFO - Messages updated
2023-02-15 08:36:08,453 - root - INFO - Messages updated
2023-02-15 08:37:16,087 - root - INFO - Messages updated
2023-02-15 08:37:17,587 - root - INFO - Messages updated
2023-02-15 08:37:18,091 - urllib3.connectionpool - DEBUG - Starting new HTTPS connection (1): testnet.binancefuture.com:443
2023-02-15 08:37:19,050 - urllib3.connectionpool - DEBUG - https://testnet.binancefuture.com:443 "GET /fapi/v1/exchangeInfo HTTP/1.1" 200 None
2023-02-15 08:37:19,059 - urllib3.connectionpool - DEBUG - Starting new HTTPS connection (1): testnet.binancefuture.com:443
2023-02-15 08:37:19,330 - urllib3.connectionpool - DEBUG - https://testnet.binancefuture.com:443 "GET /fapi/v1/premiumIndex?symbol=ETHUSDT HTTP/1.1" 200 None
2023-02-15 08:37:19,334 - root - INFO - Messages updated
2023-02-15 08:37:20,837 - root - INFO - Messages updated
2023-02-15 08:37:22,337 - root - INFO - Messages updated
2023-02-15 08:37:23,839 - root - INFO - Messages updated
2023-02-15 08:37:52,996 - root - INFO - Messages updated
2023-02-15 08:37:54,496 - root - INFO - Messages updated
2023-02-15 08:37:55,475 - urllib3.connectionpool - DEBUG - Starting new HTTPS connection (1): testnet.binancefuture.com:443
2023-02-15 08:37:56,222 - urllib3.connectionpool - DEBUG - https://testnet.binancefuture.com:443 "GET /fapi/v1/exchangeInfo HTTP/1.1" 502 600
2023-02-15 08:37:56,231 - root - INFO - Messages updated
2023-02-15 08:37:57,733 - root - INFO - Messages updated
2023-02-15 08:37:59,234 - root - INFO - Messages updated
2023-02-15 08:38:00,735 - root - INFO - Messages updated
2023-02-15 08:38:02,236 - root - INFO - Messages updated
2023-02-15 08:38:55,266 - root - INFO - Messages updated
2023-02-15 08:38:56,316 - urllib3.connectionpool - DEBUG - Starting new HTTPS connection (1): testnet.binancefuture.com:443
2023-02-15 08:38:56,638 - urllib3.connectionpool - DEBUG - https://testnet.binancefuture.com:443 "GET /fapi/v1/exchangeInfo HTTP/1.1" 200 None
2023-02-15 08:38:56,767 - root - INFO - Messages updated
2023-02-15 08:38:58,270 - root - INFO - Messages updated
2023-02-15 08:38:59,771 - root - INFO - Messages updated
2023-02-15 08:39:01,272 - root - INFO - Messages updated
2023-02-15 08:39:11,314 - root - INFO - Messages updated
2023-02-15 08:39:12,816 - root - INFO - Messages updated
2023-02-15 08:39:13,823 - urllib3.connectionpool - DEBUG - Starting new HTTPS connection (1): testnet.binancefuture.com:443
2023-02-15 08:39:14,148 - urllib3.connectionpool - DEBUG - https://testnet.binancefuture.com:443 "GET /fapi/v1/exchangeInfo HTTP/1.1" 200 None
2023-02-15 08:39:14,156 - urllib3.connectionpool - DEBUG - Starting new HTTPS connection (1): testnet.binancefuture.com:443
2023-02-15 08:39:14,455 - urllib3.connectionpool - DEBUG - https://testnet.binancefuture.com:443 "GET /fapi/v1/premiumIndex?symbol=ETHUSDT HTTP/1.1" 200 None
2023-02-15 08:39:14,460 - root - INFO - Messages updated
2023-02-15 08:39:15,960 - root - INFO - Messages updated
2023-02-15 08:39:17,462 - root - INFO - Messages updated
2023-02-15 08:39:18,962 - root - INFO - Messages updated
2023-02-15 08:39:41,842 - root - INFO - Messages updated
2023-02-15 08:39:42,719 - urllib3.connectionpool - DEBUG - Starting new HTTPS connection (1): testnet.binancefuture.com:443
2023-02-15 08:39:43,027 - urllib3.connectionpool - DEBUG - https://testnet.binancefuture.com:443 "GET /fapi/v1/exchangeInfo HTTP/1.1" 200 None
2023-02-15 08:39:43,036 - urllib3.connectionpool - DEBUG - Starting new HTTPS connection (1): testnet.binancefuture.com:443
2023-02-15 08:39:43,332 - urllib3.connectionpool - DEBUG - https://testnet.binancefuture.com:443 "GET /fapi/v1/premiumIndex?symbol=ETHUSDT HTTP/1.1" 200 None
2023-02-15 08:39:43,343 - root - INFO - Messages updated
2023-02-15 08:39:44,845 - root - INFO - Messages updated
2023-02-15 08:39:46,346 - root - INFO - Messages updated
2023-02-15 08:39:47,849 - root - INFO - Messages updated
2023-02-15 08:39:49,350 - root - INFO - Messages updated
2023-02-15 08:39:50,851 - root - INFO - Messages updated
2023-02-15 08:42:47,474 - root - INFO - Messages updated
2023-02-15 08:42:48,976 - root - INFO - Messages updated
2023-02-15 08:42:50,236 - urllib3.connectionpool - DEBUG - Starting new HTTPS connection (1): testnet.binancefuture.com:443
2023-02-15 08:42:50,624 - urllib3.connectionpool - DEBUG - https://testnet.binancefuture.com:443 "GET /fapi/v1/exchangeInfo HTTP/1.1" 200 None
2023-02-15 08:42:50,632 - urllib3.connectionpool - DEBUG - Starting new HTTPS connection (1): testnet.binancefuture.com:443
2023-02-15 08:42:50,929 - urllib3.connectionpool - DEBUG - https://testnet.binancefuture.com:443 "GET /fapi/v1/premiumIndex?symbol=ETHUSDT HTTP/1.1" 200 None
2023-02-15 08:42:50,934 - root - INFO - Messages updated
2023-02-15 08:42:52,436 - root - INFO - Messages updated
2023-02-15 08:42:53,937 - root - INFO - Messages updated
2023-02-15 08:42:55,437 - root - INFO - Messages updated
2023-02-15 08:42:56,939 - root - INFO - Messages updated
2023-02-15 08:55:11,989 - root - INFO - Messages updated
2023-02-15 08:55:13,393 - urllib3.connectionpool - DEBUG - Starting new HTTPS connection (1): testnet.binancefuture.com:443
2023-02-15 08:55:13,691 - urllib3.connectionpool - DEBUG - https://testnet.binancefuture.com:443 "GET /fapi/v1/exchangeInfo HTTP/1.1" 200 None
2023-02-15 08:55:13,699 - urllib3.connectionpool - DEBUG - Starting new HTTPS connection (1): testnet.binancefuture.com:443
2023-02-15 08:55:14,430 - urllib3.connectionpool - DEBUG - https://testnet.binancefuture.com:443 "GET /fapi/v1/premiumIndex?symbol=ETHUSDT HTTP/1.1" 200 None
2023-02-15 08:55:14,447 - root - INFO - Messages updated
2023-02-15 08:55:15,949 - root - INFO - Messages updated
2023-02-15 08:55:17,452 - root - INFO - Messages updated
2023-02-15 08:55:18,952 - root - INFO - Messages updated
2023-02-15 08:55:20,454 - root - INFO - Messages updated
2023-02-15 08:55:21,956 - root - INFO - Messages updated
2023-02-15 08:56:20,950 - root - INFO - Messages updated
2023-02-15 08:56:22,451 - root - INFO - Messages updated
2023-02-15 08:56:22,722 - urllib3.connectionpool - DEBUG - Starting new HTTPS connection (1): testnet.binancefuture.com:443
2023-02-15 08:56:23,460 - urllib3.connectionpool - DEBUG - https://testnet.binancefuture.com:443 "GET /fapi/v1/exchangeInfo HTTP/1.1" 200 None
2023-02-15 08:56:23,468 - urllib3.connectionpool - DEBUG - Starting new HTTPS connection (1): testnet.binancefuture.com:443
2023-02-15 08:56:24,205 - urllib3.connectionpool - DEBUG - https://testnet.binancefuture.com:443 "GET /fapi/v1/premiumIndex?symbol=ETHUSDT HTTP/1.1" 200 None
2023-02-15 08:56:24,210 - urllib3.connectionpool - DEBUG - Starting new HTTPS connection (1): testnet.binancefuture.com:443
2023-02-15 08:56:24,490 - urllib3.connectionpool - DEBUG - https://testnet.binancefuture.com:443 "POST /fapi/v1/order?symbol=ETHUSDT&side=BUY&type=LIMIT&quantity=0.01&price=1000&timeInForce=GTC&timestamp=1676447784207&signature=9d9127df9fba6604eff48b618654d592e06bb9c6a4bbc86f490ad1e6701a3da9 HTTP/1.1" 200 None
2023-02-15 08:56:24,494 - root - INFO - Messages updated
2023-02-15 08:56:25,996 - root - INFO - Messages updated
2023-02-15 08:56:27,499 - root - INFO - Messages updated
2023-02-15 08:56:29,000 - root - INFO - Messages updated
2023-02-15 08:56:30,500 - root - INFO - Messages updated
2023-02-15 08:56:32,001 - root - INFO - Messages updated
2023-02-15 08:56:33,502 - root - INFO - Messages updated
2023-02-15 08:56:35,002 - root - INFO - Messages updated
2023-02-15 08:56:36,503 - root - INFO - Messages updated
2023-02-15 08:56:38,003 - root - INFO - Messages updated
2023-02-15 08:56:39,505 - root - INFO - Messages updated
2023-02-15 08:56:41,006 - root - INFO - Messages updated
2023-02-15 08:56:42,507 - root - INFO - Messages updated
2023-02-15 08:56:44,008 - root - INFO - Messages updated
2023-02-15 08:56:45,510 - root - INFO - Messages updated
2023-02-15 08:56:47,011 - root - INFO - Messages updated
2023-02-15 08:56:48,512 - root - INFO - Messages updated
2023-02-15 09:13:23,784 - root - INFO - Messages updated
2023-02-15 09:13:25,285 - root - INFO - Messages updated
2023-02-15 09:13:26,785 - root - INFO - Messages updated
2023-02-15 09:13:28,287 - root - INFO - Messages updated
2023-02-15 09:13:29,788 - root - INFO - Messages updated
2023-02-15 09:13:31,289 - root - INFO - Messages updated
2023-02-15 09:13:32,791 - root - INFO - Messages updated
2023-02-15 09:13:34,293 - root - INFO - Messages updated
2023-02-15 09:13:35,794 - root - INFO - Messages updated
2023-02-15 09:13:37,295 - root - INFO - Messages updated
2023-02-15 09:14:01,280 - root - INFO - Messages updated
2023-02-15 09:14:02,781 - root - INFO - Messages updated
2023-02-15 09:14:04,281 - root - INFO - Messages updated
2023-02-15 09:14:05,782 - root - INFO - Messages updated
2023-02-15 09:14:07,283 - root - INFO - Messages updated
2023-02-15 09:14:08,783 - root - INFO - Messages updated
2023-02-15 09:14:20,895 - root - INFO - Messages updated
2023-02-15 09:14:22,246 - urllib3.connectionpool - DEBUG - Starting new HTTPS connection (1): testnet.binancefuture.com:443
2023-02-15 09:14:23,012 - urllib3.connectionpool - DEBUG - https://testnet.binancefuture.com:443 "GET /fapi/v1/exchangeInfo HTTP/1.1" 200 None
2023-02-15 09:14:23,024 - root - INFO - Messages updated
2023-02-15 09:14:24,524 - root - INFO - Messages updated
2023-02-15 09:14:26,025 - root - INFO - Messages updated
2023-02-15 09:18:38,641 - root - INFO - Messages updated
2023-02-15 09:18:40,141 - root - INFO - Messages updated
2023-02-15 09:18:41,120 - urllib3.connectionpool - DEBUG - Starting new HTTPS connection (1): testnet.binancefuture.com:443
2023-02-15 09:18:41,874 - urllib3.connectionpool - DEBUG - https://testnet.binancefuture.com:443 "GET /fapi/v1/exchangeInfo HTTP/1.1" 200 None
2023-02-15 09:18:41,881 - urllib3.connectionpool - DEBUG - Starting new HTTPS connection (1): testnet.binancefuture.com:443
2023-02-15 09:18:42,616 - urllib3.connectionpool - DEBUG - https://testnet.binancefuture.com:443 "GET /fapi/v1/premiumIndex?symbol=ETHUSDT HTTP/1.1" 200 None
2023-02-15 09:18:42,621 - urllib3.connectionpool - DEBUG - Starting new HTTPS connection (1): testnet.binancefuture.com:443
2023-02-15 09:18:43,355 - urllib3.connectionpool - DEBUG - https://testnet.binancefuture.com:443 "POST /fapi/v1/order?symbol=ETHUSDT&side=BUY&type=LIMIT&quantity=0.01&price=1000&timeInForce=GTC&timestamp=1676449122618&signature=ed740bb574fec10976b3c200a39d835f7ac8afe8bfdd4fd3025476858397ac72 HTTP/1.1" 200 None
2023-02-15 09:18:43,361 - root - INFO - Messages updated
2023-02-15 09:18:44,863 - root - INFO - Messages updated
2023-02-15 09:18:46,364 - root - INFO - Messages updated
2023-02-15 09:18:47,867 - root - INFO - Messages updated
2023-02-15 09:18:49,368 - root - INFO - Messages updated
2023-02-15 09:18:50,871 - root - INFO - Messages updated
2023-02-15 09:18:52,372 - root - INFO - Messages updated
2023-02-15 09:18:53,875 - root - INFO - Messages updated
2023-02-15 09:18:57,641 - root - INFO - Messages updated
2023-02-15 09:18:59,141 - root - INFO - Messages updated
2023-02-15 09:19:00,644 - root - INFO - Messages updated
2023-02-15 09:19:02,144 - root - INFO - Messages updated
2023-02-15 09:19:03,648 - root - INFO - Messages updated
2023-02-15 09:19:05,151 - root - INFO - Messages updated
2023-02-15 09:19:06,652 - root - INFO - Messages updated
2023-02-15 09:20:17,899 - root - INFO - Messages updated
2023-02-15 09:20:19,401 - root - INFO - Messages updated
2023-02-15 09:20:20,903 - root - INFO - Messages updated
2023-02-15 09:20:22,407 - root - INFO - Messages updated
2023-02-15 09:20:23,907 - root - INFO - Messages updated
2023-02-15 09:20:25,408 - root - INFO - Messages updated
2023-02-15 09:20:26,909 - root - INFO - Messages updated
2023-02-15 09:20:28,419 - root - INFO - Messages updated
2023-02-15 09:20:29,922 - root - INFO - Messages updated
2023-02-15 09:20:31,425 - root - INFO - Messages updated
2023-02-15 09:20:32,926 - root - INFO - Messages updated
2023-02-15 09:20:34,427 - root - INFO - Messages updated
2023-02-15 09:20:35,927 - root - INFO - Messages updated
2023-02-15 09:21:33,204 - root - INFO - Messages updated
2023-02-15 09:21:34,704 - root - INFO - Messages updated
2023-02-15 09:21:36,207 - root - INFO - Messages updated
2023-02-15 09:21:37,709 - root - INFO - Messages updated
2023-02-15 09:21:39,210 - root - INFO - Messages updated
2023-02-15 09:21:40,713 - root - INFO - Messages updated
2023-02-15 09:21:42,215 - root - INFO - Messages updated
2023-02-15 09:21:43,718 - root - INFO - Messages updated
2023-02-15 09:21:45,220 - root - INFO - Messages updated
2023-02-15 09:21:46,722 - root - INFO - Messages updated
2023-02-15 09:21:48,222 - root - INFO - Messages updated
2023-02-15 09:21:49,723 - root - INFO - Messages updated
2023-02-15 09:21:51,224 - root - INFO - Messages updated
2023-02-15 09:21:59,123 - root - INFO - Messages updated
2023-02-15 09:22:00,626 - root - INFO - Messages updated
2023-02-15 09:22:02,127 - root - INFO - Messages updated
2023-02-15 09:22:02,518 - root - WARNING - Nothing entered
2023-02-15 09:22:03,631 - root - INFO - Messages updated
2023-02-15 09:22:05,132 - root - INFO - Messages updated
2023-02-15 09:22:06,635 - root - INFO - Messages updated
2023-02-15 09:22:07,812 - urllib3.connectionpool - DEBUG - Starting new HTTPS connection (1): testnet.binancefuture.com:443
2023-02-15 09:22:08,625 - urllib3.connectionpool - DEBUG - https://testnet.binancefuture.com:443 "GET /fapi/v1/exchangeInfo HTTP/1.1" 200 None
2023-02-15 09:22:08,634 - urllib3.connectionpool - DEBUG - Starting new HTTPS connection (1): testnet.binancefuture.com:443
2023-02-15 09:22:09,364 - urllib3.connectionpool - DEBUG - https://testnet.binancefuture.com:443 "GET /fapi/v1/premiumIndex?symbol=ETHUSDT HTTP/1.1" 200 None
2023-02-15 09:22:09,368 - urllib3.connectionpool - DEBUG - Starting new HTTPS connection (1): testnet.binancefuture.com:443
2023-02-15 09:22:09,649 - urllib3.connectionpool - DEBUG - https://testnet.binancefuture.com:443 "POST /fapi/v1/order?symbol=ETHUSDT&side=BUY&type=LIMIT&quantity=0.01&price=1000&timeInForce=GTC&timestamp=1676449329366&signature=95be449d5fb58ed1da9ab43b410bb7db1d694e282d154d3d6b0e840257f90763 HTTP/1.1" 200 None
2023-02-15 09:22:09,651 - root - INFO - Messages updated
2023-02-15 09:22:11,152 - root - INFO - Messages updated
2023-02-15 09:22:12,655 - root - INFO - Messages updated
2023-02-15 09:22:14,157 - root - INFO - Messages updated
2023-02-15 09:22:15,659 - root - INFO - Messages updated
2023-02-15 09:25:09,578 - root - INFO - Messages updated
2023-02-15 09:25:10,908 - urllib3.connectionpool - DEBUG - Starting new HTTPS connection (1): testnet.binancefuture.com:443
2023-02-15 09:25:11,210 - urllib3.connectionpool - DEBUG - https://testnet.binancefuture.com:443 "GET /fapi/v1/exchangeInfo HTTP/1.1" 200 None
2023-02-15 09:25:11,219 - urllib3.connectionpool - DEBUG - Starting new HTTPS connection (1): testnet.binancefuture.com:443
2023-02-15 09:25:11,520 - urllib3.connectionpool - DEBUG - https://testnet.binancefuture.com:443 "GET /fapi/v1/premiumIndex?symbol=ETHUSDT HTTP/1.1" 200 None
2023-02-15 09:25:11,524 - urllib3.connectionpool - DEBUG - Starting new HTTPS connection (1): testnet.binancefuture.com:443
2023-02-15 09:25:12,260 - urllib3.connectionpool - DEBUG - https://testnet.binancefuture.com:443 "POST /fapi/v1/order?symbol=ETHUSDT&side=BUY&type=LIMIT&quantity=0.01&price=1000&timeInForce=GTC&timestamp=1676449511522&signature=88934a7d9e6a85e2543ea8d161e743a0708ef1b740f9ef99a2ae2ca3a16996e1 HTTP/1.1" 200 None
2023-02-15 09:25:12,264 - root - INFO - Messages updated
2023-02-15 09:25:13,765 - root - INFO - Messages updated
2023-02-15 09:25:15,265 - root - INFO - Messages updated
2023-02-15 09:25:16,766 - root - INFO - Messages updated
2023-02-15 09:27:29,658 - root - INFO - Messages updated
2023-02-15 09:27:31,160 - root - INFO - Messages updated
2023-02-15 09:27:31,510 - urllib3.connectionpool - DEBUG - Starting new HTTPS connection (1): testnet.binancefuture.com:443
2023-02-15 09:27:32,256 - urllib3.connectionpool - DEBUG - https://testnet.binancefuture.com:443 "GET /fapi/v1/exchangeInfo HTTP/1.1" 200 None
2023-02-15 09:27:32,264 - urllib3.connectionpool - DEBUG - Starting new HTTPS connection (1): testnet.binancefuture.com:443
2023-02-15 09:27:32,631 - urllib3.connectionpool - DEBUG - https://testnet.binancefuture.com:443 "GET /fapi/v1/premiumIndex?symbol=ETHUSDT HTTP/1.1" 200 None
2023-02-15 09:27:32,636 - urllib3.connectionpool - DEBUG - Starting new HTTPS connection (1): testnet.binancefuture.com:443
2023-02-15 09:27:32,939 - urllib3.connectionpool - DEBUG - https://testnet.binancefuture.com:443 "POST /fapi/v1/order?symbol=ETHUSDT&side=BUY&type=LIMIT&quantity=0.01&price=1000&timeInForce=GTC&timestamp=1676449652633&signature=687278077db74932fcef9acc44550c42c2106c16583b5ed679f27c667dfd00d4 HTTP/1.1" 200 None
2023-02-15 09:27:32,943 - urllib3.connectionpool - DEBUG - Starting new HTTPS connection (1): testnet.binancefuture.com:443
2023-02-15 09:27:33,215 - urllib3.connectionpool - DEBUG - https://testnet.binancefuture.com:443 "GET /fapi/v1/openOrders?symbol=ETHUSDT&timestamp=1676449652941&signature=32dba0176bb8068a349735a2e53fc8f48ade205e594f452590f3e0c2ae17deef HTTP/1.1" 200 None
2023-02-15 09:27:33,219 - urllib3.connectionpool - DEBUG - Starting new HTTPS connection (1): testnet.binancefuture.com:443
2023-02-15 09:27:33,494 - urllib3.connectionpool - DEBUG - https://testnet.binancefuture.com:443 "DELETE /fapi/v1/order?symbol=ETHUSDT&orderId=1009764258&timestamp=1676449653217&signature=10375ab1b7413a4bd6a4c4afab66760d06bf2e876c3fe6c77f466c96e39a7149 HTTP/1.1" 200 None
2023-02-15 09:27:33,497 - urllib3.connectionpool - DEBUG - Starting new HTTPS connection (1): testnet.binancefuture.com:443
2023-02-15 09:27:33,778 - urllib3.connectionpool - DEBUG - https://testnet.binancefuture.com:443 "DELETE /fapi/v1/order?symbol=ETHUSDT&orderId=1009764602&timestamp=1676449653495&signature=c3a0089a9c6a530d93bee8ecbe9c153fceabe6115944a2313f9b3b4300d071ba HTTP/1.1" 200 None
2023-02-15 09:27:33,788 - root - INFO - Messages updated
2023-02-15 09:27:35,288 - root - INFO - Messages updated
2023-02-15 09:27:36,789 - root - INFO - Messages updated
2023-02-15 09:27:38,292 - root - INFO - Messages updated
2023-02-15 09:27:39,794 - root - INFO - Messages updated
2023-02-15 09:27:41,295 - root - INFO - Messages updated
2023-02-15 09:27:44,568 - root - INFO - Messages updated
2023-02-15 09:27:46,071 - root - INFO - Messages updated
2023-02-15 09:27:46,440 - urllib3.connectionpool - DEBUG - Starting new HTTPS connection (1): testnet.binancefuture.com:443
2023-02-15 09:27:47,187 - urllib3.connectionpool - DEBUG - https://testnet.binancefuture.com:443 "GET /fapi/v1/exchangeInfo HTTP/1.1" 200 None
2023-02-15 09:27:47,195 - urllib3.connectionpool - DEBUG - Starting new HTTPS connection (1): testnet.binancefuture.com:443
2023-02-15 09:27:47,579 - urllib3.connectionpool - DEBUG - https://testnet.binancefuture.com:443 "GET /fapi/v1/premiumIndex?symbol=ETHUSDT HTTP/1.1" 200 None
2023-02-15 09:27:47,583 - urllib3.connectionpool - DEBUG - Starting new HTTPS connection (1): testnet.binancefuture.com:443
2023-02-15 09:27:48,317 - urllib3.connectionpool - DEBUG - https://testnet.binancefuture.com:443 "POST /fapi/v1/order?symbol=ETHUSDT&side=BUY&type=LIMIT&quantity=0.01&price=1000&timeInForce=GTC&timestamp=1676449667581&signature=3bc3036f3112da0dad0da2f9e6601d6b92f8b014ee527f54791450d9008ecca2 HTTP/1.1" 200 None
2023-02-15 09:27:48,321 - urllib3.connectionpool - DEBUG - Starting new HTTPS connection (1): testnet.binancefuture.com:443
2023-02-15 09:27:49,046 - urllib3.connectionpool - DEBUG - https://testnet.binancefuture.com:443 "GET /fapi/v1/openOrders?symbol=ETHUSDT&timestamp=1676449668318&signature=fab018f9267292d121a53709a78d5628537a28c990b64efb6190e8601c14543c HTTP/1.1" 200 None
2023-02-15 09:27:49,050 - urllib3.connectionpool - DEBUG - Starting new HTTPS connection (1): testnet.binancefuture.com:443
2023-02-15 09:27:49,331 - urllib3.connectionpool - DEBUG - https://testnet.binancefuture.com:443 "DELETE /fapi/v1/order?symbol=ETHUSDT&orderId=1009764638&timestamp=1676449669048&signature=e6b40277bb9e4e465dcf3da2e57871be6ea7f76800c193829ab75049a2047749 HTTP/1.1" 200 None
2023-02-15 09:27:49,336 - root - INFO - Messages updated
2023-02-15 09:27:50,838 - root - INFO - Messages updated
2023-02-15 09:27:52,338 - root - INFO - Messages updated
